2024-06-30 06:17:00,449 INFO o.a.j.u.JMeterUtils: Setting Locale to en_EN
2024-06-30 06:17:00,489 INFO o.a.j.JMeter: Loading user properties from: C:\Modules\Apache\JMeter\apache-jmeter-5.6.3\bin\user.properties
2024-06-30 06:17:00,490 INFO o.a.j.JMeter: Loading system properties from: C:\Modules\Apache\JMeter\apache-jmeter-5.6.3\bin\system.properties
2024-06-30 06:17:00,501 INFO o.a.j.JMeter: Copyright (c) 1998-2024 The Apache Software Foundation
2024-06-30 06:17:00,502 INFO o.a.j.JMeter: Version 5.6.3
2024-06-30 06:17:00,502 INFO o.a.j.JMeter: java.version=22.0.1
2024-06-30 06:17:00,502 INFO o.a.j.JMeter: java.vm.name=Java HotSpot(TM) 64-Bit Server VM
2024-06-30 06:17:00,502 INFO o.a.j.JMeter: os.name=Windows 11
2024-06-30 06:17:02,050 INFO o.a.j.JMeter: os.arch=amd64
2024-06-30 06:17:02,050 INFO o.a.j.JMeter: os.version=10.0
2024-06-30 06:17:02,050 INFO o.a.j.JMeter: file.encoding=UTF-8
2024-06-30 06:17:02,050 INFO o.a.j.JMeter: java.awt.headless=null
2024-06-30 06:17:02,050 INFO o.a.j.JMeter: Max memory     =1073741824
2024-06-30 06:17:02,051 INFO o.a.j.JMeter: Available Processors =8
2024-06-30 06:17:02,078 INFO o.a.j.JMeter: Default Locale=English (EN)
2024-06-30 06:17:02,079 INFO o.a.j.JMeter: JMeter  Locale=English (EN)
2024-06-30 06:17:02,079 INFO o.a.j.JMeter: JMeterHome=C:\Modules\Apache\JMeter\apache-jmeter-5.6.3
2024-06-30 06:17:02,079 INFO o.a.j.JMeter: user.dir  =G:\sc\powerhr-server\jmeter
2024-06-30 06:17:02,079 INFO o.a.j.JMeter: PWD       =G:\sc\powerhr-server\jmeter
2024-06-30 06:17:02,083 INFO o.a.j.JMeter: IP: 192.168.1.106 Name: Evy FullName: Evy
2024-06-30 06:17:02,115 INFO o.a.j.JMeter: Loaded icon properties from org/apache/jmeter/images/icon.properties
2024-06-30 06:17:02,510 INFO o.a.j.JMeterGuiLauncher: Setting LAF to: com.github.weisj.darklaf.DarkLaf:com.github.weisj.darklaf.theme.IntelliJTheme
2024-06-30 06:17:12,012 INFO o.a.j.s.FileServer: Default base='G:\sc\powerhr-server\jmeter'
2024-06-30 06:17:12,019 INFO o.a.j.g.a.Load: Loading file: G:\sc\powerhr-server\jmeter\Powerhr-server.jmx
2024-06-30 06:17:12,020 INFO o.a.j.s.FileServer: Set new base='G:\sc\powerhr-server\jmeter'
2024-06-30 06:17:12,425 INFO o.a.j.s.SaveService: Testplan (JMX) version: 2.2. Testlog (JTL) version: 2.2
2024-06-30 06:17:12,500 INFO o.a.j.s.SaveService: Using SaveService properties version 5.0
2024-06-30 06:17:12,504 INFO o.a.j.s.SaveService: Using SaveService properties file encoding UTF-8
2024-06-30 06:17:12,508 INFO o.a.j.s.SaveService: Loading file: G:\sc\powerhr-server\jmeter\Powerhr-server.jmx
2024-06-30 06:17:12,574 INFO o.a.j.p.h.s.HTTPSamplerBase: Parser for text/html is org.apache.jmeter.protocol.http.parser.LagartoBasedHtmlParser
2024-06-30 06:17:12,574 INFO o.a.j.p.h.s.HTTPSamplerBase: Parser for application/xhtml+xml is org.apache.jmeter.protocol.http.parser.LagartoBasedHtmlParser
2024-06-30 06:17:12,574 INFO o.a.j.p.h.s.HTTPSamplerBase: Parser for application/xml is org.apache.jmeter.protocol.http.parser.LagartoBasedHtmlParser
2024-06-30 06:17:12,574 INFO o.a.j.p.h.s.HTTPSamplerBase: Parser for text/xml is org.apache.jmeter.protocol.http.parser.LagartoBasedHtmlParser
2024-06-30 06:17:12,575 INFO o.a.j.p.h.s.HTTPSamplerBase: Parser for text/vnd.wap.wml is org.apache.jmeter.protocol.http.parser.RegexpHTMLParser
2024-06-30 06:17:12,575 INFO o.a.j.p.h.s.HTTPSamplerBase: Parser for text/css is org.apache.jmeter.protocol.http.parser.CssParser
2024-06-30 06:17:13,056 INFO o.a.j.s.SampleResult: Note: Sample TimeStamps are START times
2024-06-30 06:17:13,057 INFO o.a.j.s.SampleResult: sampleresult.default.encoding is set to UTF-8
2024-06-30 06:17:13,057 INFO o.a.j.s.SampleResult: sampleresult.useNanoTime=true
2024-06-30 06:17:13,057 INFO o.a.j.s.SampleResult: sampleresult.nanoThreadSleep=5000
2024-06-30 06:17:13,466 INFO o.a.j.s.FileServer: Set new base='G:\sc\powerhr-server\jmeter'
2024-06-30 07:11:08,316 INFO o.a.j.g.a.Load: Loading file: C:\Users\muham\Downloads\Test1.jmx
2024-06-30 07:11:08,322 INFO o.a.j.s.FileServer: Set new base='C:\Users\muham\Downloads'
2024-06-30 07:11:08,322 INFO o.a.j.s.SaveService: Loading file: C:\Users\muham\Downloads\Test1.jmx
2024-06-30 07:11:09,395 INFO o.a.j.s.FileServer: Set new base='C:\Users\muham\Downloads'
2024-06-30 07:11:33,426 INFO o.a.j.g.a.Load: Loading file: G:\sc\powerhr-server\jmeter\Powerhr-server.jmx
2024-06-30 07:11:33,426 INFO o.a.j.s.FileServer: Set new base='G:\sc\powerhr-server\jmeter'
2024-06-30 07:11:33,426 INFO o.a.j.s.SaveService: Loading file: G:\sc\powerhr-server\jmeter\Powerhr-server.jmx
2024-06-30 07:11:33,624 INFO o.a.j.s.FileServer: Set new base='G:\sc\powerhr-server\jmeter'
